Build started 5/8/2010 7:29:07 AM.
     1>Project "G:\Users\Mark\Projects\Image-Encrypt\Image Encrypt.vcxproj" on node 2 (build target(s)).
     1>InitializeBuildStatus:
         Creating "Debug\Image Encrypt.unsuccessfulbuild" because "AlwaysCreate" was specified.
       ClCompile:
         G:\Program Files (x86)\Microsoft Visual Studio 10.0\VC\bin\CL.exe /c /Zi /nologo /W3 /WX- /Od /Oy- /D WIN32 /D _DEBUG /D _CONSOLE /Gm /EHsc /RTC1 /MDd /GS /fp:precise /Zc:wchar_t /Zc:forScope /Fo"Debug\\" /Fd"Debug\vc100.pdb" /Gd /TP /analyze- /errorReport:prompt aesencrypt.cpp
         aesencrypt.cpp
       ManifestResourceCompile:
         All outputs are up-to-date.
       Link:
         G:\Program Files (x86)\Microsoft Visual Studio 10.0\VC\bin\link.exe /ERRORREPORT:PROMPT /OUT:"G:\Users\Mark\Projects\Image-Encrypt\Debug\Image Encrypt.exe" /INCREMENTAL /NOLOGO kernel32.lib user32.lib gdi32.lib winspool.lib comdlg32.lib advapi32.lib shell32.lib ole32.lib oleaut32.lib uuid.lib odbc32.lib odbccp32.lib /MANIFEST /ManifestFile:"Debug\Image Encrypt.exe.intermediate.manifest" /MANIFESTUAC:"level='asInvoker' uiAccess='false'" /DEBUG /PDB:"G:\Users\Mark\Projects\Image-Encrypt\Debug\Image Encrypt.pdb" /SUBSYSTEM:CONSOLE /TLBID:1 /DYNAMICBASE /NXCOMPAT /IMPLIB:"G:\Users\Mark\Projects\Image-Encrypt\Debug\Image Encrypt.lib" /MACHINE:X86 "Debug\Image Encrypt.exe.embed.manifest.res"
         Debug\accessjpeg.obj
         Debug\aesencrypt.obj
         Debug\encryptjpeg.obj
         Debug\main.obj
       Manifest:
         G:\Program Files (x86)\Microsoft SDKs\Windows\v7.0A\bin\mt.exe /nologo /verbose /out:"Debug\Image Encrypt.exe.embed.manifest" /manifest "Debug\Image Encrypt.exe.intermediate.manifest"
         All outputs are up-to-date.
       LinkEmbedManifest:
         All outputs are up-to-date.
         Image Encrypt.vcxproj -> G:\Users\Mark\Projects\Image-Encrypt\Debug\Image Encrypt.exe
       FinalizeBuildStatus:
         Deleting file "Debug\Image Encrypt.unsuccessfulbuild".
         Touching "Debug\Image Encrypt.lastbuildstate".
     1>Done Building Project "G:\Users\Mark\Projects\Image-Encrypt\Image Encrypt.vcxproj" (build target(s)).

Build succeeded.

Time Elapsed 00:00:00.65
